********************************************************************************
DUPLICATOR-LITE PACKAGE-LOG: 05.11.2021 03:27
NOTICE: Do NOT post to public sites or forums 
********************************************************************************
VERSION:	1.4.3
WORDPRESS:	5.8.1
PHP INFO:	7.4.5 | SAPI: apache2handler
SERVER:		Apache 
PHP TIME LIMIT: (0) no time limit imposed 
PHP MAX MEMORY: 4294967296 (1536M default) 
MEMORY STACK: 26MB

********************************************************************************
DATABASE:
********************************************************************************
BUILD MODE:   MYSQLDUMP
MYSQLTIMEOUT: 5000
MYSQLDUMP:    Is Supported
SQL CREATED: 20211105_agenstvonedvizhimostitvojdom_5e8e6c0321b120f85325_20211105032648_database.sql
SQL FILE SIZE: 1.17MB (1228460)
SQL FILE TIME: 2021-11-05 03:27:24
SQL RUNTIME: 3.02 sec.

********************************************************************************
ARCHIVE (ZIP):
********************************************************************************
ARCHIVE DIR:  D:/OpenServer/domains/property
ARCHIVE FILE: 20211105_agenstvonedvizhimostitvojdom_5e8e6c0321b120f85325_20211105032648_archive.zip
FILTERS: *OFF*
DIRS:
	not set
FILES:
	not set
EXTS:  not set
----------------------------------------
COMPRESSING
SIZE:	80.97MB
STATS:	Dirs 638 | Files 6,267
SQL ADDED: 20211105_agenstvonedvizhimostitvojdom_5e8e6c0321b120f85325_20211105032648_database.sql
ZipArchive Object
(
    [status] => 0
    [statusSys] => 0
    [numFiles] => 6905
    [filename] => D:\OpenServer\domains\property\wp-content\backups-dup-lite\tmp\20211105_agenstvonedvizhimostitvojdom_5e8e6c0321b120f85325_20211105032648_archive.zip
    [comment] => 
)

FILE ADDED TO ZIP: 6904
[PHP ERR][NOTICE] MSG:ob_flush(): failed to flush buffer. No buffer to flush [CODE:8|FILE:D:\OpenServer\domains\property\wp-content\plugins\duplicator\classes\utilities\class.u.php|LINE:171]
do_action('wp_ajax_duplicator_package_build'), WP_Hook->do_action, WP_Hook->apply_filters, duplicator_package_build, DUP_Package->runZipBuild, DUP_Archive->build, DUP_Zip::create, DUP_Util::fcgiFlush, ob_flush, DUP_Handler::error, DUP_Handler::getMessage
COMPRESSION RESULT: '1'
COMPRESSED SIZE: 37.25MB
ARCHIVE RUNTIME: 263.70 sec.
MEMORY STACK: 28MB
building installer
add_extra_files1
add_extra_files2
add_extra_files3
add_extra_files4
Doing archive file check
add_extra_files5
add_extra_files6
add_extra_files8
Successfully opened zip D:/OpenServer/domains/property/wp-content/backups-dup-lite/tmp/20211105_agenstvonedvizhimostitvojdom_5e8e6c0321b120f85325_20211105032648_archive.zip
Adding enhanced installer files to archive using ZipArchive
Installer files added to archive
Added to archive
After ziparchive close when adding installer

********************************************************************************
INTEGRITY CHECKS:
********************************************************************************
SQL FILE: 1.17MB
INSTALLER FILE: 64.28KB
ARCHIVE FILE: 38.31MB 
EXPECTED FILE/DIRECTORY COUNT: 6,905
ACTUAL FILE/DIRECTORY COUNT: 6,904
ARCHIVE CONSISTENCY TEST: Pass

********************************************************************************
RECORD ID:[1]
TOTAL PROCESS RUNTIME: 268.63 sec.
PEAK PHP MEMORY USED: 28MB
DONE PROCESSING => 20211105_agenstvonedvizhimostitvojdom 05.11.2021 03:31

